# JRE version: OpenJDK Runtime Environment (11.0.13) (build 11.0.13+0-b1751.21-8125866)
# Java VM: OpenJDK 64-Bit Server VM (11.0.13+0-b1751.21-8125866, mixed mode, tiered, compressed oops, g1 gc, windows-amd64)
Heap:
 garbage-first heap   total 262144K, used 68465K [0x0000000080000000, 0x0000000100000000)
  region size 1024K, 22 young (22528K), 15 survivors (15360K)
 Metaspace       used 46094K, capacity 47263K, committed 47356K, reserved 1091584K
  class space    used 5776K, capacity 6201K, committed 6220K, reserved 1048576K
GC Heap History (10 events):
Event: 0.583 GC heap before
{Heap before GC invocations=0 (full 0):
 garbage-first heap   total 262144K, used 30720K [0x0000000080000000, 0x0000000100000000)
  region size 1024K, 24 young (24576K), 0 survivors (0K)
 Metaspace       used 10227K, capacity 10501K, committed 10624K, reserved 1058816K
  class space    used 1053K, capacity 1139K, committed 1152K, reserved 1048576K
}
Event: 0.587 GC heap after
{Heap after GC invocations=1 (full 0):
 garbage-first heap   total 262144K, used 9425K [0x0000000080000000, 0x0000000100000000)
  region size 1024K, 3 young (3072K), 3 survivors (3072K)
 Metaspace       used 10227K, capacity 10501K, committed 10624K, reserved 1058816K
  class space    used 1053K, capacity 1139K, committed 1152K, reserved 1048576K
}
Event: 1.878 GC heap before
{Heap before GC invocations=1 (full 0):
 garbage-first heap   total 262144K, used 109777K [0x0000000080000000, 0x0000000100000000)
  region size 1024K, 102 young (104448K), 3 survivors (3072K)
 Metaspace       used 20716K, capacity 21166K, committed 21296K, reserved 1069056K
  class space    used 2513K, capacity 2665K, committed 2688K, reserved 1048576K
}
Event: 1.887 GC heap after
{Heap after GC invocations=2 (full 0):
 garbage-first heap   total 262144K, used 17201K [0x0000000080000000, 0x0000000100000000)
  region size 1024K, 11 young (11264K), 11 survivors (11264K)
 Metaspace       used 20716K, capacity 21166K, committed 21296K, reserved 1069056K
  class space    used 2513K, capacity 2665K, committed 2688K, reserved 1048576K
}
Event: 2.184 GC heap before
{Heap before GC invocations=3 (full 0):
 garbage-first heap   total 262144K, used 50993K [0x0000000080000000, 0x0000000100000000)
  region size 1024K, 44 young (45056K), 11 survivors (11264K)
 Metaspace       used 24414K, capacity 25071K, committed 25340K, reserved 1071104K
  class space    used 3054K, capacity 3268K, committed 3404K, reserved 1048576K
}
Event: 2.190 GC heap after
{Heap after GC invocations=4 (full 0):
 garbage-first heap   total 262144K, used 18397K [0x0000000080000000, 0x0000000100000000)
  region size 1024K, 2 young (2048K), 2 survivors (2048K)
 Metaspace       used 24414K, capacity 25071K, committed 25340K, reserved 1071104K
  class space    used 3054K, capacity 3268K, committed 3404K, reserved 1048576K
}
Event: 3.187 GC heap before
{Heap before GC invocations=4 (full 0):
 garbage-first heap   total 262144K, used 135133K [0x0000000080000000, 0x0000000100000000)
  region size 1024K, 103 young (105472K), 2 survivors (2048K)
 Metaspace       used 34851K, capacity 35838K, committed 35964K, reserved 1081344K
  class space    used 4594K, capacity 4962K, committed 5068K, reserved 1048576K
}
Event: 3.196 GC heap after
{Heap after GC invocations=5 (full 0):
 garbage-first heap   total 262144K, used 40045K [0x0000000080000000, 0x0000000100000000)
  region size 1024K, 9 young (9216K), 9 survivors (9216K)
 Metaspace       used 34851K, capacity 35838K, committed 35964K, reserved 1081344K
  class space    used 4594K, capacity 4962K, committed 5068K, reserved 1048576K
}
Event: 4.358 GC heap before
{Heap before GC invocations=6 (full 0):
 garbage-first heap   total 262144K, used 165997K [0x0000000080000000, 0x0000000100000000)
  region size 1024K, 116 young (118784K), 9 survivors (9216K)
 Metaspace       used 45651K, capacity 46778K, committed 46844K, reserved 1089536K
  class space    used 5717K, capacity 6166K, committed 6220K, reserved 1048576K
}
Event: 4.369 GC heap after
{Heap after GC invocations=7 (full 0):
 garbage-first heap   total 262144K, used 62321K [0x0000000080000000, 0x0000000100000000)
  region size 1024K, 15 young (15360K), 15 survivors (15360K)
 Metaspace       used 45651K, capacity 46778K, committed 46844K, reserved 1089536K
  class space    used 5717K, capacity 6166K, committed 6220K, reserved 1048576K
}

